Determining if the pthread_create exist failed with the following output:
Change Dir: /home/galazxhy/Depth_Recog/build/CMakeFiles/CMakeTmp

Run Build Command:"/usr/bin/make" "cmTC_ee475/fast"
/usr/bin/make -f CMakeFiles/cmTC_ee475.dir/build.make CMakeFiles/cmTC_ee475.dir/build
make[1]: 进入目录“/home/galazxhy/Depth_Recog/build/CMakeFiles/CMakeTmp”
Building C object CMakeFiles/cmTC_ee475.dir/CheckSymbolExists.c.o
/usr/bin/cc    -o CMakeFiles/cmTC_ee475.dir/CheckSymbolExists.c.o   -c /home/galazxhy/Depth_Recog/build/CMakeFiles/CMakeTmp/CheckSymbolExists.c
Linking C executable cmTC_ee475
/usr/bin/cmake -E cmake_link_script CMakeFiles/cmTC_ee475.dir/link.txt --verbose=1
/usr/bin/cc      -rdynamic CMakeFiles/cmTC_ee475.dir/CheckSymbolExists.c.o  -o cmTC_ee475 
CMakeFiles/cmTC_ee475.dir/CheckSymbolExists.c.o：在函数‘main’中：
CheckSymbolExists.c:(.text+0x1b)：对‘pthread_create’未定义的引用
collect2: error: ld returned 1 exit status
CMakeFiles/cmTC_ee475.dir/build.make:97: recipe for target 'cmTC_ee475' failed
make[1]: *** [cmTC_ee475] Error 1
make[1]: 离开目录“/home/galazxhy/Depth_Recog/build/CMakeFiles/CMakeTmp”
Makefile:126: recipe for target 'cmTC_ee475/fast' failed
make: *** [cmTC_ee475/fast] Error 2

File /home/galazxhy/Depth_Recog/build/CMakeFiles/CMakeTmp/CheckSymbolExists.c:
/* */
#include <pthread.h>

int main(int argc, char** argv)
{
  (void)argv;
#ifndef pthread_create
  return ((int*)(&pthread_create))[argc];
#else
  (void)argc;
  return 0;
#endif
}

Determining if the function pthread_create exists in the pthreads failed with the following output:
Change Dir: /home/galazxhy/Depth_Recog/build/CMakeFiles/CMakeTmp

Run Build Command:"/usr/bin/make" "cmTC_d90ea/fast"
/usr/bin/make -f CMakeFiles/cmTC_d90ea.dir/build.make CMakeFiles/cmTC_d90ea.dir/build
make[1]: 进入目录“/home/galazxhy/Depth_Recog/build/CMakeFiles/CMakeTmp”
Building C object CMakeFiles/cmTC_d90ea.dir/CheckFunctionExists.c.o
/usr/bin/cc   -DCHECK_FUNCTION_EXISTS=pthread_create   -o CMakeFiles/cmTC_d90ea.dir/CheckFunctionExists.c.o   -c /usr/share/cmake-3.10/Modules/CheckFunctionExists.c
Linking C executable cmTC_d90ea
/usr/bin/cmake -E cmake_link_script CMakeFiles/cmTC_d90ea.dir/link.txt --verbose=1
/usr/bin/cc  -DCHECK_FUNCTION_EXISTS=pthread_create    -rdynamic CMakeFiles/cmTC_d90ea.dir/CheckFunctionExists.c.o  -o cmTC_d90ea -lpthreads 
/usr/bin/ld: 找不到 -lpthreads
collect2: error: ld returned 1 exit status
CMakeFiles/cmTC_d90ea.dir/build.make:97: recipe for target 'cmTC_d90ea' failed
make[1]: *** [cmTC_d90ea] Error 1
make[1]: 离开目录“/home/galazxhy/Depth_Recog/build/CMakeFiles/CMakeTmp”
Makefile:126: recipe for target 'cmTC_d90ea/fast' failed
make: *** [cmTC_d90ea/fast] Error 2


